+------------------------------------------+
| Sun Nov  2 22:35:41 EST 2025             |
|                                          |
[35m|[1m[7m              Developer-Console           (B[m[0m|
+------------------------------------------+
[35m [1m ~ ~ ~ ~ ~ Installing all dependencies/library ~ ~ ~ ~ ~ [0m
yarn install v1.22.22
[1/4] Resolving packages...
success Already up-to-date.
Done in 0.09s.
[32m [1m ~ ~ ~ ~ ~ Installation is completed ~ ~ ~ ~ ~ [0m

[35m [1m ~ ~ ~ ~ ~ dco-gateway build start ~ ~ ~ ~ ~ [0m
yarn run v1.22.22
$ next build
info  - Loaded env from /Users/ivanshalin/SDV Phase 2 E2E/Eclipse_SDV_Devloper_Console-/developer-console-ui/app/.env
info  - Skipping validation of types...
info  - Creating an optimized production build...
warn  - Duplicate page detected. pages/dco/analytics.tsx and pages/dco/analytics/index.tsx both resolve to /dco/analytics.
(node:23852) [DEP_WEBPACK_MODULE_UPDATE_HASH] DeprecationWarning: Module.updateHash: Use new ChunkGraph API
(Use `node --trace-deprecation ...` to show where the warning was created)
info  - Compiled successfully
info  - Collecting page data...
info  - Generating static pages (0/29)
info  - Generating static pages (7/29)
info  - Generating static pages (14/29)
info  - Generating static pages (21/29)
info  - Generating static pages (29/29)
info  - Finalizing page optimization...

Page                                               Size     First Load JS
┌ ○ /                                              1.77 kB         154 kB
├   /_app                                          0 B             135 kB
├ ○ /404                                           193 B           135 kB
├ λ /api/metrics                                   0 B             135 kB
├ λ /api/test-results                              0 B             135 kB
├ ○ /dco                                           1.36 kB         212 kB
├ ○ /dco/addEditScenario/menuForScenario           3.51 kB         207 kB
├ ○ /dco/addEditScenario/newScenario               1.63 kB         205 kB
├ ○ /dco/addSimulation                             4.7 kB          264 kB
├ ○ /dco/addTrack                                  287 kB          456 kB
├ ○ /dco/analytics                                 2.73 kB         138 kB
├ ○ /dco/results                                   6.87 kB         257 kB
├ ○ /dco/scenario                                  4.17 kB         254 kB
├ ○ /dco/scenario/scenarioList                     5.25 kB         247 kB
├ ○ /dco/simulation                                4.26 kB         254 kB
├ ○ /dco/simulation/results/[id]                   3.81 kB         254 kB
├ ○ /dco/tracksMain                                2.19 kB         258 kB
├ ○ /dco/tracksMain/trackInfo                      590 B           172 kB
├ ○ /dco/tracksMain/trackInfo/trackDetails         4.97 kB         156 kB
├ ○ /dco/tracksMain/trackInfo/trackVehicleDetails  1.69 kB         212 kB
├ ○ /dco/tracksMain/trackList                      2.81 kB         208 kB
├ ○ /error                                         4.13 kB         174 kB
├ ○ /login                                         3.48 kB         173 kB
├ ○ /logout                                        3.33 kB         155 kB
├ ○ /shared/conditionalAlertBtn                    3.52 kB         142 kB
├ ○ /shared/counterWithToolTip                     1.19 kB         148 kB
├ ○ /shared/paginationTable                        2.4 kB          138 kB
├ ○ /shared/printTollTipValue                      298 B           136 kB
├ ○ /shared/ServerSafePortal                       391 B           136 kB
├ ○ /shared/status                                 2.77 kB         138 kB
└ ○ /shared/tagLists                               2.92 kB         138 kB
+ First Load JS shared by all                      135 kB
  ├ chunks/framework-4c7bec481ba8a0b9.js           46.6 kB
  ├ chunks/main-a054bbf31fb90f6a.js                27.6 kB
  ├ chunks/pages/_app-498d937f9e30911a.js          59.9 kB
  ├ chunks/webpack-01113e1318d510cf.js             1.08 kB
  └ css/ae72ccfcc7f19569.css                       360 B

λ  (Server)  server-side renders at runtime (uses getInitialProps or getServerSideProps)
○  (Static)  automatically rendered as static HTML (uses no initial props)

Done in 3.87s.
[32m [1m ~ ~ ~ ~ ~ developer-console-ui build successful ~ ~ ~ ~ ~ [0m

[35m [1m ~ ~ ~ ~ ~ dco-gateway build start ~ ~ ~ ~ ~ [0m
WARNING: A terminally deprecated method in sun.misc.Unsafe has been called
WARNING: sun.misc.Unsafe::staticFieldBase has been called by com.google.inject.internal.aop.HiddenClassDefiner (file:/opt/homebrew/Cellar/maven/3.9.11/libexec/lib/guice-5.1.0-classes.jar)
WARNING: Please consider reporting this to the maintainers of class com.google.inject.internal.aop.HiddenClassDefiner
WARNING: sun.misc.Unsafe::staticFieldBase will be removed in a future release
[INFO] Scanning for projects...
[WARNING] 
[WARNING] Some problems were encountered while building the effective model for com.tsystems.dco:dco-gateway-api:jar:latest
[WARNING] 'build.pluginManagement.plugins.plugin.(groupId:artifactId)' must be unique but found duplicate declaration of plugin org.jacoco:jacoco-maven-plugin @ com.tsystems.dco:dco-gateway:latest, /Users/ivanshalin/SDV Phase 2 E2E/Eclipse_SDV_Devloper_Console-/dco-gateway/pom.xml, line 145, column 17
[WARNING] 'build.pluginManagement.plugins.plugin.(groupId:artifactId)' must be unique but found duplicate declaration of plugin io.github.pmckeown:dependency-track-maven-plugin @ com.tsystems.dco:dco-gateway:latest, /Users/ivanshalin/SDV Phase 2 E2E/Eclipse_SDV_Devloper_Console-/dco-gateway/pom.xml, line 157, column 17
[WARNING] 
[WARNING] Some problems were encountered while building the effective model for com.tsystems.dco:dco-gateway:pom:latest
[WARNING] 'build.pluginManagement.plugins.plugin.(groupId:artifactId)' must be unique but found duplicate declaration of plugin org.jacoco:jacoco-maven-plugin @ line 145, column 17
[WARNING] 'build.pluginManagement.plugins.plugin.(groupId:artifactId)' must be unique but found duplicate declaration of plugin io.github.pmckeown:dependency-track-maven-plugin @ line 157, column 17
[WARNING] 
[WARNING] It is highly recommended to fix these problems because they threaten the stability of your build.
[WARNING] 
[WARNING] For this reason, future Maven versions might no longer support building such malformed projects.
[WARNING] 
[INFO] ------------------------------------------------------------------------
[INFO] Reactor Build Order:
[INFO] 
[INFO] dco-gateway                                                        [pom]
[INFO] dco-gateway-api                                                    [jar]
[INFO] dco-gateway-app                                                    [jar]
[INFO] 
[INFO] --------------------< com.tsystems.dco:dco-gateway >--------------------
[INFO] Building dco-gateway latest                                        [1/3]
[INFO]   from pom.xml
[INFO] --------------------------------[ pom ]---------------------------------
[INFO] 
[INFO] --- clean:3.2.0:clean (default-clean) @ dco-gateway ---
[INFO] Deleting /Users/ivanshalin/SDV Phase 2 E2E/Eclipse_SDV_Devloper_Console-/dco-gateway/target
[INFO] 
[INFO] --- cyclonedx:2.7.0:makeAggregateBom (aggregate) @ dco-gateway ---
[INFO] CycloneDX: Parameters
[INFO] ------------------------------------------------------------------------
[INFO] schemaVersion          : 1.4
[INFO] includeBomSerialNumber : true
[INFO] includeCompileScope    : true
[INFO] includeProvidedScope   : false
[INFO] includeRuntimeScope    : true
[INFO] includeTestScope       : false
[INFO] includeSystemScope     : true
[INFO] includeLicenseText     : false
[INFO] outputReactorProjects  : true
[INFO] outputFormat           : all
[INFO] outputName             : bom
[INFO] ------------------------------------------------------------------------
[INFO] CycloneDX: Creating BOM
[INFO] CycloneDX: Writing BOM (XML): /Users/ivanshalin/SDV Phase 2 E2E/Eclipse_SDV_Devloper_Console-/dco-gateway/api/target/bom.xml
[INFO] CycloneDX: Validating BOM (XML): /Users/ivanshalin/SDV Phase 2 E2E/Eclipse_SDV_Devloper_Console-/dco-gateway/api/target/bom.xml
[INFO] CycloneDX: Writing BOM (JSON): /Users/ivanshalin/SDV Phase 2 E2E/Eclipse_SDV_Devloper_Console-/dco-gateway/api/target/bom.json
[INFO] CycloneDX: Validating BOM (JSON): /Users/ivanshalin/SDV Phase 2 E2E/Eclipse_SDV_Devloper_Console-/dco-gateway/api/target/bom.json
[WARNING] Unknown keyword additionalItems - you should define your own Meta Schema. If the keyword is irrelevant for validation, just use a NonValidationKeyword
[ERROR] An error occurred attempting to read POM
org.codehaus.plexus.util.xml.pull.XmlPullParserException: UTF-8 BOM plus xml decl of ISO-8859-1 is incompatible (position: START_DOCUMENT seen <?xml version="1.0" encoding="ISO-8859-1"... @1:42) 
    at org.codehaus.plexus.util.xml.pull.MXParser.parseXmlDeclWithVersion (MXParser.java:2762)
    at org.codehaus.plexus.util.xml.pull.MXParser.parseXmlDecl (MXParser.java:2683)
    at org.codehaus.plexus.util.xml.pull.MXParser.parsePI (MXParser.java:2550)
    at org.codehaus.plexus.util.xml.pull.MXParser.parseProlog (MXParser.java:1480)
    at org.codehaus.plexus.util.xml.pull.MXParser.nextImpl (MXParser.java:1423)
    at org.codehaus.plexus.util.xml.pull.MXParser.next (MXParser.java:1133)
    at org.apache.maven.model.io.xpp3.MavenXpp3Reader.read (MavenXpp3Reader.java:645)
    at org.apache.maven.model.io.xpp3.MavenXpp3Reader.read (MavenXpp3Reader.java:672)
    at org.apache.maven.model.io.xpp3.MavenXpp3Reader.read (MavenXpp3Reader.java:687)
    at org.cyclonedx.maven.BaseCycloneDxMojo.readPom (BaseCycloneDxMojo.java:747)
    at org.cyclonedx.maven.BaseCycloneDxMojo.readPom (BaseCycloneDxMojo.java:734)
    at org.cyclonedx.maven.BaseCycloneDxMojo.retrieveParentProject (BaseCycloneDxMojo.java:682)
    at org.cyclonedx.maven.BaseCycloneDxMojo.getClosestMetadata (BaseCycloneDxMojo.java:512)
    at org.cyclonedx.maven.BaseCycloneDxMojo.convert (BaseCycloneDxMojo.java:469)
    at org.cyclonedx.maven.CycloneDxAggregateMojo.execute (CycloneDxAggregateMojo.java:121)
    at org.apache.maven.plugin.DefaultBuildPluginManager.executeMojo (DefaultBuildPluginManager.java:126)
    at org.apache.maven.lifecycle.internal.MojoExecutor.doExecute2 (MojoExecutor.java:328)
    at org.apache.maven.lifecycle.internal.MojoExecutor.doExecute (MojoExecutor.java:316)
    at org.apache.maven.lifecycle.internal.MojoExecutor.execute (MojoExecutor.java:212)
    at org.apache.maven.lifecycle.internal.MojoExecutor.execute (MojoExecutor.java:174)
    at org.apache.maven.lifecycle.internal.MojoExecutor.access$000 (MojoExecutor.java:75)
    at org.apache.maven.lifecycle.internal.MojoExecutor$1.run (MojoExecutor.java:162)
    at org.apache.maven.plugin.DefaultMojosExecutionStrategy.execute (DefaultMojosExecutionStrategy.java:39)
    at org.apache.maven.lifecycle.internal.MojoExecutor.execute (MojoExecutor.java:159)
    at org.apache.maven.lifecycle.internal.LifecycleModuleBuilder.buildProject (LifecycleModuleBuilder.java:105)
    at org.apache.maven.lifecycle.internal.LifecycleModuleBuilder.buildProject (LifecycleModuleBuilder.java:73)
    at org.apache.maven.lifecycle.internal.builder.singlethreaded.SingleThreadedBuilder.build (SingleThreadedBuilder.java:53)
    at org.apache.maven.lifecycle.internal.LifecycleStarter.execute (LifecycleStarter.java:118)
    at org.apache.maven.DefaultMaven.doExecute (DefaultMaven.java:261)
    at org.apache.maven.DefaultMaven.doExecute (DefaultMaven.java:173)
    at org.apache.maven.DefaultMaven.execute (DefaultMaven.java:101)
    at org.apache.maven.cli.MavenCli.execute (MavenCli.java:906)
    at org.apache.maven.cli.MavenCli.doMain (MavenCli.java:283)
    at org.apache.maven.cli.MavenCli.main (MavenCli.java:206)
    at jdk.internal.reflect.DirectMethodHandleAccessor.invoke (DirectMethodHandleAccessor.java:104)
    at java.lang.reflect.Method.invoke (Method.java:565)
    at org.codehaus.plexus.classworlds.launcher.Launcher.launchEnhanced (Launcher.java:255)
    at org.codehaus.plexus.classworlds.launcher.Launcher.launch (Launcher.java:201)
    at org.codehaus.plexus.classworlds.launcher.Launcher.mainWithExitCode (Launcher.java:361)
    at org.codehaus.plexus.classworlds.launcher.Launcher.main (Launcher.java:314)
[INFO] CycloneDX: Creating BOM
[INFO] CycloneDX: Writing BOM (XML): /Users/ivanshalin/SDV Phase 2 E2E/Eclipse_SDV_Devloper_Console-/dco-gateway/app/target/bom.xml
[INFO] CycloneDX: Validating BOM (XML): /Users/ivanshalin/SDV Phase 2 E2E/Eclipse_SDV_Devloper_Console-/dco-gateway/app/target/bom.xml
[INFO] CycloneDX: Writing BOM (JSON): /Users/ivanshalin/SDV Phase 2 E2E/Eclipse_SDV_Devloper_Console-/dco-gateway/app/target/bom.json
[INFO] CycloneDX: Validating BOM (JSON): /Users/ivanshalin/SDV Phase 2 E2E/Eclipse_SDV_Devloper_Console-/dco-gateway/app/target/bom.json
[INFO] CycloneDX: Creating BOM
[INFO] CycloneDX: Writing BOM (XML): /Users/ivanshalin/SDV Phase 2 E2E/Eclipse_SDV_Devloper_Console-/dco-gateway/target/bom.xml
[INFO] CycloneDX: Validating BOM (XML): /Users/ivanshalin/SDV Phase 2 E2E/Eclipse_SDV_Devloper_Console-/dco-gateway/target/bom.xml
[INFO] CycloneDX: Writing BOM (JSON): /Users/ivanshalin/SDV Phase 2 E2E/Eclipse_SDV_Devloper_Console-/dco-gateway/target/bom.json
[INFO] CycloneDX: Validating BOM (JSON): /Users/ivanshalin/SDV Phase 2 E2E/Eclipse_SDV_Devloper_Console-/dco-gateway/target/bom.json
[INFO] 
[INFO] ------------------< com.tsystems.dco:dco-gateway-api >------------------
[INFO] Building dco-gateway-api latest                                    [2/3]
[INFO]   from api/pom.xml
[INFO] --------------------------------[ jar ]---------------------------------
[INFO] 
[INFO] --- clean:3.2.0:clean (default-clean) @ dco-gateway-api ---
[INFO] Deleting /Users/ivanshalin/SDV Phase 2 E2E/Eclipse_SDV_Devloper_Console-/dco-gateway/api/target
[INFO] 
[INFO] --- openapi-generator:6.6.0:generate (openapi-scenario) @ dco-gateway-api ---
[INFO] Generating with dryRun=false
[INFO] Output directory (/Users/ivanshalin/SDV Phase 2 E2E/Eclipse_SDV_Devloper_Console-/dco-gateway/api/target/generated-sources/openapi) does not exist, or is inaccessible. No file (.openapi-generator-ignore) will be evaluated.
[INFO] OpenAPI Generator: spring (server)
[INFO] Generator 'spring' is considered stable.
[INFO] ----------------------------------
[INFO] Set base package to invoker package (com.tsystems.dco.scenario)
[INFO] Environment variable JAVA_POST_PROCESS_FILE not defined so the Java code may not be properly formatted. To define it, try 'export JAVA_POST_PROCESS_FILE="/usr/local/bin/clang-format -i"' (Linux/Mac)
[INFO] NOTE: To enable file post-processing, 'enablePostProcessFile' must be set to `true` (--enable-post-process-file for CLI).
[INFO] Inline schema created as scenarioUpdateById_request. To have complete control of the model name, set the `title` field or use the inlineSchemaNameMapping option (--inline-schema-name-mappings in CLI).
[INFO] Processing operation scenarioReadByQuery
[INFO] Processing operation scenarioUpdateById
[INFO] Processing operation createScenario
[INFO] Processing operation deleteScenarioById
[INFO] Processing operation searchScenarioByPattern
[INFO] Processing operation simulationReadByQuery
[INFO] Processing operation launchSimulation
[INFO] Processing operation getSimulationResults
[INFO] Processing operation getSimulationLogs
[INFO] Processing operation getSimulationMetrics
[INFO] Model scenarioUpdateById_request not generated since it's marked as unused (due to form parameters) and `skipFormModel` (global property) set to true (default)
[INFO] writing file /Users/ivanshalin/SDV Phase 2 E2E/Eclipse_SDV_Devloper_Console-/dco-gateway/api/target/generated-sources/openapi/src/main/java/com/tsystems/dco/scenario/model/FileData.java
[INFO] writing file /Users/ivanshalin/SDV Phase 2 E2E/Eclipse_SDV_Devloper_Console-/dco-gateway/api/target/generated-sources/openapi/src/main/java/com/tsystems/dco/scenario/model/Scenario.java
[INFO] writing file /Users/ivanshalin/SDV Phase 2 E2E/Eclipse_SDV_Devloper_Console-/dco-gateway/api/target/generated-sources/openapi/src/main/java/com/tsystems/dco/scenario/model/ScenarioInput.java
[INFO] writing file /Users/ivanshalin/SDV Phase 2 E2E/Eclipse_SDV_Devloper_Console-/dco-gateway/api/target/generated-sources/openapi/src/main/java/com/tsystems/dco/scenario/model/ScenarioPage.java
[INFO] writing file /Users/ivanshalin/SDV Phase 2 E2E/Eclipse_SDV_Devloper_Console-/dco-gateway/api/target/generated-sources/openapi/src/main/java/com/tsystems/dco/scenario/model/ScenarioType.java
[INFO] writing file /Users/ivanshalin/SDV Phase 2 E2E/Eclipse_SDV_Devloper_Console-/dco-gateway/api/target/generated-sources/openapi/src/main/java/com/tsystems/dco/scenario/model/Simulation.java
[INFO] writing file /Users/ivanshalin/SDV Phase 2 E2E/Eclipse_SDV_Devloper_Console-/dco-gateway/api/target/generated-sources/openapi/src/main/java/com/tsystems/dco/scenario/model/SimulationInput.java
[INFO] writing file /Users/ivanshalin/SDV Phase 2 E2E/Eclipse_SDV_Devloper_Console-/dco-gateway/api/target/generated-sources/openapi/src/main/java/com/tsystems/dco/scenario/model/SimulationLog.java
[INFO] writing file /Users/ivanshalin/SDV Phase 2 E2E/Eclipse_SDV_Devloper_Console-/dco-gateway/api/target/generated-sources/openapi/src/main/java/com/tsystems/dco/scenario/model/SimulationMetric.java
[INFO] writing file /Users/ivanshalin/SDV Phase 2 E2E/Eclipse_SDV_Devloper_Console-/dco-gateway/api/target/generated-sources/openapi/src/main/java/com/tsystems/dco/scenario/model/SimulationPage.java
[INFO] writing file /Users/ivanshalin/SDV Phase 2 E2E/Eclipse_SDV_Devloper_Console-/dco-gateway/api/target/generated-sources/openapi/src/main/java/com/tsystems/dco/scenario/model/SimulationResult.java
[INFO] writing file /Users/ivanshalin/SDV Phase 2 E2E/Eclipse_SDV_Devloper_Console-/dco-gateway/api/target/generated-sources/openapi/src/main/java/com/tsystems/dco/scenario/api/ScenarioApi.java
[INFO] writing file /Users/ivanshalin/SDV Phase 2 E2E/Eclipse_SDV_Devloper_Console-/dco-gateway/api/target/generated-sources/openapi/src/main/java/com/tsystems/dco/scenario/api/SimulationApi.java
[INFO] Skipping generation of supporting files.
################################################################################
# Thanks for using OpenAPI Generator.                                          #
# Please consider donation to help us maintain this project 🙏                 #
# https://opencollective.com/openapi_generator/donate                          #
################################################################################
[INFO] 
[INFO] --- openapi-generator:6.6.0:generate (openapi-track) @ dco-gateway-api ---
[INFO] Generating with dryRun=false
[INFO] No .openapi-generator-ignore file found.
[INFO] OpenAPI Generator: spring (server)
[INFO] Generator 'spring' is considered stable.
[INFO] ----------------------------------
[INFO] Set base package to invoker package (com.tsystems.dco.track)
[INFO] Environment variable JAVA_POST_PROCESS_FILE not defined so the Java code may not be properly formatted. To define it, try 'export JAVA_POST_PROCESS_FILE="/usr/local/bin/clang-format -i"' (Linux/Mac)
[INFO] NOTE: To enable file post-processing, 'enablePostProcessFile' must be set to `true` (--enable-post-process-file for CLI).
[INFO] Processing operation trackReadByQuery
[INFO] Processing operation createTrack
[INFO] Processing operation deleteTrackById
[INFO] Processing operation findTrackById
[INFO] Processing operation searchTrackByPattern
[INFO] Processing operation getVehicleByVin
[INFO] Processing operation getHardwareModule
[INFO] Processing operation vehicleReadByQuery
[INFO] writing file /Users/ivanshalin/SDV Phase 2 E2E/Eclipse_SDV_Devloper_Console-/dco-gateway/api/target/generated-sources/openapi/src/main/java/com/tsystems/dco/track/model/DeviceComponentResponse.java
[INFO] writing file /Users/ivanshalin/SDV Phase 2 E2E/Eclipse_SDV_Devloper_Console-/dco-gateway/api/target/generated-sources/openapi/src/main/java/com/tsystems/dco/track/model/DeviceResponse.java
[INFO] writing file /Users/ivanshalin/SDV Phase 2 E2E/Eclipse_SDV_Devloper_Console-/dco-gateway/api/target/generated-sources/openapi/src/main/java/com/tsystems/dco/track/model/FleetResponse.java
[INFO] writing file /Users/ivanshalin/SDV Phase 2 E2E/Eclipse_SDV_Devloper_Console-/dco-gateway/api/target/generated-sources/openapi/src/main/java/com/tsystems/dco/track/model/ServiceResponse.java
[INFO] writing file /Users/ivanshalin/SDV Phase 2 E2E/Eclipse_SDV_Devloper_Console-/dco-gateway/api/target/generated-sources/openapi/src/main/java/com/tsystems/dco/track/model/Track.java
[INFO] writing file /Users/ivanshalin/SDV Phase 2 E2E/Eclipse_SDV_Devloper_Console-/dco-gateway/api/target/generated-sources/openapi/src/main/java/com/tsystems/dco/track/model/TrackInput.java
[INFO] writing file /Users/ivanshalin/SDV Phase 2 E2E/Eclipse_SDV_Devloper_Console-/dco-gateway/api/target/generated-sources/openapi/src/main/java/com/tsystems/dco/track/model/TrackPage.java
[INFO] writing file /Users/ivanshalin/SDV Phase 2 E2E/Eclipse_SDV_Devloper_Console-/dco-gateway/api/target/generated-sources/openapi/src/main/java/com/tsystems/dco/track/model/Vehicle.java
[INFO] writing file /Users/ivanshalin/SDV Phase 2 E2E/Eclipse_SDV_Devloper_Console-/dco-gateway/api/target/generated-sources/openapi/src/main/java/com/tsystems/dco/track/model/VehiclePage.java
[INFO] writing file /Users/ivanshalin/SDV Phase 2 E2E/Eclipse_SDV_Devloper_Console-/dco-gateway/api/target/generated-sources/openapi/src/main/java/com/tsystems/dco/track/model/VehicleResponse.java
[WARNING] Unknown type found in the schema: String. To map it, please use the schema mapping option (e.g. --schema-mappings in CLI)
[WARNING] Unknown type found in the schema: String. To map it, please use the schema mapping option (e.g. --schema-mappings in CLI)
[WARNING] Unknown type found in the schema: String. To map it, please use the schema mapping option (e.g. --schema-mappings in CLI)
[WARNING] Unknown type found in the schema: String. To map it, please use the schema mapping option (e.g. --schema-mappings in CLI)
[WARNING] Unknown type found in the schema: String. To map it, please use the schema mapping option (e.g. --schema-mappings in CLI)
[WARNING] Unknown type found in the schema: String. To map it, please use the schema mapping option (e.g. --schema-mappings in CLI)
[WARNING] Unknown type found in the schema: String. To map it, please use the schema mapping option (e.g. --schema-mappings in CLI)
[WARNING] Unknown type found in the schema: String. To map it, please use the schema mapping option (e.g. --schema-mappings in CLI)
[WARNING] Unknown type found in the schema: String. To map it, please use the schema mapping option (e.g. --schema-mappings in CLI)
[INFO] writing file /Users/ivanshalin/SDV Phase 2 E2E/Eclipse_SDV_Devloper_Console-/dco-gateway/api/target/generated-sources/openapi/src/main/java/com/tsystems/dco/track/api/TrackApi.java
[INFO] writing file /Users/ivanshalin/SDV Phase 2 E2E/Eclipse_SDV_Devloper_Console-/dco-gateway/api/target/generated-sources/openapi/src/main/java/com/tsystems/dco/track/api/VehicleApi.java
[INFO] Skipping generation of supporting files.
################################################################################
# Thanks for using OpenAPI Generator.                                          #
# Please consider donation to help us maintain this project 🙏                 #
# https://opencollective.com/openapi_generator/donate                          #
################################################################################
[INFO] 
[INFO] --- resources:3.2.0:resources (default-resources) @ dco-gateway-api ---
[INFO] Using 'UTF-8' encoding to copy filtered resources.
[INFO] Using 'UTF-8' encoding to copy filtered properties files.
[INFO] skip non existing resourceDirectory /Users/ivanshalin/SDV Phase 2 E2E/Eclipse_SDV_Devloper_Console-/dco-gateway/api/src/main/resources
[INFO] 
[INFO] --- compiler:3.8.1:compile (default-compile) @ dco-gateway-api ---
[INFO] Changes detected - recompiling the module!
[INFO] Compiling 25 source files to /Users/ivanshalin/SDV Phase 2 E2E/Eclipse_SDV_Devloper_Console-/dco-gateway/api/target/classes
[INFO] 
[INFO] --- resources:3.2.0:testResources (default-testResources) @ dco-gateway-api ---
[INFO] Using 'UTF-8' encoding to copy filtered resources.
[INFO] Using 'UTF-8' encoding to copy filtered properties files.
[INFO] skip non existing resourceDirectory /Users/ivanshalin/SDV Phase 2 E2E/Eclipse_SDV_Devloper_Console-/dco-gateway/api/src/test/resources
[INFO] 
[INFO] --- compiler:3.8.1:testCompile (default-testCompile) @ dco-gateway-api ---
[INFO] No sources to compile
[INFO] 
[INFO] --- surefire:3.0.0-M5:test (default-test) @ dco-gateway-api ---
[INFO] No tests to run.
[INFO] 
[INFO] --- jar:3.4.1:jar (default-jar) @ dco-gateway-api ---
[INFO] Building jar: /Users/ivanshalin/SDV Phase 2 E2E/Eclipse_SDV_Devloper_Console-/dco-gateway/api/target/dco-gateway-api-latest.jar
[INFO] 
[INFO] --- cyclonedx:2.7.0:makeAggregateBom (aggregate) @ dco-gateway-api ---
[INFO] Skipping CycloneDX
[INFO] 
[INFO] ------------------< com.tsystems.dco:dco-gateway-app >------------------
[INFO] Building dco-gateway-app latest                                    [3/3]
[INFO]   from app/pom.xml
[INFO] --------------------------------[ jar ]---------------------------------
[INFO] 
[INFO] --- clean:3.2.0:clean (default-clean) @ dco-gateway-app ---
[INFO] Deleting /Users/ivanshalin/SDV Phase 2 E2E/Eclipse_SDV_Devloper_Console-/dco-gateway/app/target
[INFO] 
[INFO] --- jacoco:0.8.14:prepare-agent (prepare-agent) @ dco-gateway-app ---
[INFO] argLine set to "-javaagent:/Users/ivanshalin/.m2/repository/org/jacoco/org.jacoco.agent/0.8.14/org.jacoco.agent-0.8.14-runtime.jar=destfile=/Users/ivanshalin/SDV Phase 2 E2E/Eclipse_SDV_Devloper_Console-/dco-gateway/app/target/jacoco.exec"
[INFO] 
[INFO] --- resources:3.2.0:resources (default-resources) @ dco-gateway-app ---
[INFO] Using 'UTF-8' encoding to copy filtered resources.
[INFO] Using 'UTF-8' encoding to copy filtered properties files.
[INFO] Copying 17 resources
[INFO] 
[INFO] --- compiler:3.8.1:compile (default-compile) @ dco-gateway-app ---
[INFO] Changes detected - recompiling the module!
[INFO] Compiling 28 source files to /Users/ivanshalin/SDV Phase 2 E2E/Eclipse_SDV_Devloper_Console-/dco-gateway/app/target/classes
[INFO] ------------------------------------------------------------------------
[INFO] Reactor Summary for dco-gateway latest:
[INFO] 
[INFO] dco-gateway ........................................ SUCCESS [  2.118 s]
[INFO] dco-gateway-api .................................... SUCCESS [  1.897 s]
[INFO] dco-gateway-app .................................... FAILURE [  0.282 s]
[INFO] ------------------------------------------------------------------------
[INFO] BUILD FAILURE
[INFO] ------------------------------------------------------------------------
[INFO] Total time:  4.434 s
[INFO] Finished at: 2025-11-02T22:35:56-05:00
[INFO] ------------------------------------------------------------------------
[ERROR] Failed to execute goal org.apache.maven.plugins:maven-compiler-plugin:3.8.1:compile (default-compile) on project dco-gateway-app: Fatal error compiling: java.lang.ExceptionInInitializerError: com.sun.tools.javac.code.TypeTag :: UNKNOWN -> [Help 1]
[ERROR] 
[ERROR] To see the full stack trace of the errors, re-run Maven with the -e switch.
[ERROR] Re-run Maven using the -X switch to enable full debug logging.
[ERROR] 
[ERROR] For more information about the errors and possible solutions, please read the following articles:
[ERROR] [Help 1] http://cwiki.apache.org/confluence/display/MAVEN/MojoExecutionException
[ERROR] 
[ERROR] After correcting the problems, you can resume the build with the command
[ERROR]   mvn <args> -rf :dco-gateway-app
