
================================================================================
Timestamp: 2025-11-04T04:23:26.011Z
Headers: {
  "host": "localhost:9999",
  "user-agent": "curl/8.7.1",
  "accept": "*/*",
  "content-type": "application/json",
  "content-length": "15"
}
Body: {"test":"ping"}
================================================================================

================================================================================
Timestamp: 2025-11-04T04:31:50.340Z
Headers: {
  "accept": "text/plain, application/json, application/*+json, */*",
  "content-type": "application/json",
  "user-agent": "SDV-Webhook-Delivery/1.0",
  "x-sdv-event-id": "test-event-1762230710",
  "x-sdv-event-type": "scenario.created",
  "x-sdv-delivery-id": "4ffc3477-f783-4fb1-b0dd-bd27f648a33a",
  "x-sdv-signature": "sha256=011d217ce8bcaea77f5d40a2ea36d49f57078cf5465713ff5a7cc255906af588",
  "host": "host.docker.internal:9999",
  "connection": "keep-alive",
  "content-length": "264"
}
Body: {"eventId":"test-event-1762230710","eventType":"scenario.created","aggregateId":"scenario-test-123","timestamp":"2025-11-04T04:31:50.000Z","payload":{"scenarioId":"scenario-test-123","name":"Manual Test Scenario","description":"Testing webhook delivery manually"}}
================================================================================

================================================================================
Timestamp: 2025-11-04T04:31:50.369Z
Headers: {
  "accept": "text/plain, application/json, application/*+json, */*",
  "content-type": "application/json",
  "user-agent": "SDV-Webhook-Delivery/1.0",
  "x-sdv-event-id": "test-event-1762230710",
  "x-sdv-event-type": "scenario.created",
  "x-sdv-delivery-id": "5c265ad2-d8ae-49b0-9f09-2c013562f4b5",
  "host": "host.docker.internal:9999",
  "connection": "keep-alive",
  "content-length": "264"
}
Body: {"eventId":"test-event-1762230710","eventType":"scenario.created","aggregateId":"scenario-test-123","timestamp":"2025-11-04T04:31:50.000Z","payload":{"scenarioId":"scenario-test-123","name":"Manual Test Scenario","description":"Testing webhook delivery manually"}}
================================================================================
